❌ IWYU error in ./src/orisium.c

src/orisium.c should add these lines:
#include "types.h"                    // for SUCCESS, FAILURE, ssize_t_status_t

src/orisium.c should remove these lines:
- #include <endian.h>  // lines 19-19
- #include "globals.h"  // lines 29-29

The full include-list for src/orisium.c:
#include <arpa/inet.h>                // for inet_ntop, htons, inet_pton
#include <bits/types/sig_atomic_t.h>  // for sig_atomic_t
#include <errno.h>                    // for errno, EAGAIN, EWOULDBLOCK, EIN...
#include <fcntl.h>                    // for fcntl, F_GETFL, F_SETFL, O_NONB...
#include <json-c/json_object.h>       // for json_object_is_type, json_objec...
#include <json-c/json_tokener.h>      // for json_tokener_parse
#include <json-c/json_types.h>        // for json_type
#include <netinet/in.h>               // for sockaddr_in, INET6_ADDRSTRLEN
#include <signal.h>                   // for size_t, sigaction, SIGINT, sa_h...
#include <stdbool.h>                  // for false, bool, true
#include <stdint.h>                   // for uint16_t, uint64_t
#include <stdio.h>                    // for perror, NULL, snprintf, printf
#include <stdlib.h>                   // for exit, EXIT_FAILURE, calloc, malloc
#include <string.h>                   // for strerror, memset, strncpy, strlen
#include <sys/epoll.h>                // for epoll_event, epoll_ctl, EPOLLET
#include <sys/socket.h>               // for msghdr, AF_INET, cmsghdr, socke...
#include <sys/types.h>                // for ssize_t, pid_t
#include <sys/uio.h>                  // for iovec
#include <sys/wait.h>                 // for waitpid
#include <unistd.h>                   // for close, getpid, fork, read, write
#include "async.h"                    // for async_create_incoming_event
#include "commons.h"                  // for CLOSE_PROTOCOL, CLOSE_FD, CLOSE...
#include "constants.h"                // for MAX_LOGIC_WORKERS, MAX_COW_WORKERS
#include "ipc/protocol.h"             // for (anonymous struct)::(anonymous)
#include "log.h"                      // for LOG_INFO, LOG_ERROR, LOG_WARN
#include "types.h"                    // for SUCCESS, FAILURE, ssize_t_status_t
---

